PP_Open
PP_GetNumUnits 0 - 11
PP_GetUnitAt 0 4 - 1350
PP_Unit_GetType 1350_4 - 4
PP_GetNumUnits 0 - 11
PP_GetUnitAt 0 4 - 1350
PP_Unit_GetType 1350_4 - 4
PP_GetNumUnits 0 - 11
PP_GetUnitAt 0 4 - 1350
PP_Unit_GetType 1350_4 - 4
PP_GetNumUnits 0 - 11
PP_GetUnitAt 0 4 - 1350
PP_Unit_GetType 1350_4 - 4
PP_GetNumUnits 0 - 11
PP_GetUnitAt 0 4 - 1350
PP_Unit_GetType 1350_4 - 4
PP_GetNumUnits 0 - 11
PP_GetUnitAt 0 4 - 1350
PP_Unit_GetType 1350_4 - 4
PP_GetNumUnits 0 - 11
PP_GetUnitAt 0 4 - 1350
PP_Unit_GetType 1350_4 - 4
PP_Unit_ActionOnPosition 2179_2 10 256 811
PP_Unit_ActionOnUnit 5397_4 20 25304_4 0
PP_Unit_GetPosition 3994_4 - 1864.53 1358.94
PP_Unit_ActionOnPosition 2179_2 10 256 811
PP_Unit_ActionOnUnit 5397_4 20 25304_4 0
PP_Unit_GetPosition 3994_4 - 1864.53 1358.94
PP_Unit_ActionOnPosition 2179_2 10 256 811
PP_Unit_ActionOnUnit 5397_4 20 25304_4 0
PP_Unit_GetPosition 3994_4 - 1864.53 1358.94
PP_Unit_ActionOnPosition 2179_2 10 256 811
PP_Unit_ActionOnUnit 5397_4 20 25304_4 0
PP_Unit_GetPosition 3994_4 - 1864.53 1358.94
PP_Unit_ActionOnPosition 2179_2 10 256 811
PP_Unit_ActionOnUnit 5397_4 20 25304_4 0
PP_Unit_GetPosition 3994_4 - 1864.53 1358.94
PP_Close
