PP_Open
PP_GetNumUnits 0 - 11
PP_GetUnitAt 0 4 - 1350
PP_Unit_GetType 1350_4 - 4
PP_GetNumUnits 0 - 11
PP_GetUnitAt 0 5 - 829
PP_Unit_GetType 829_4 - 4
PP_GetNumUnits 0 - 11
PP_GetUnitAt 0 6 - 1868
PP_Unit_GetType 1868_4 - 4
PP_GetNumUnits 0 - 11
PP_GetUnitAt 0 10 - 2179
PP_Unit_GetType 2179_2 - 2
PP_GetNumUnits 0 - 11
PP_GetUnitAt 0 7 - 2
PP_Unit_GetType 2_7 - 7
PP_GetNumUnits 0 - 11
PP_GetUnitAt 0 8 - 1054
PP_Unit_GetType 1054_7 - 7
PP_GetNumUnits 0 - 11
PP_GetNumUnits 0 - 11
PP_GetUnitAt 0 4 - 1350
PP_Unit_ActionOnPosition 2179_2 10 256 811
PP_GetNumUnits 0 - 11
PP_GetUnitAt 0 5 - 829
PP_Unit_ActionOnPosition 2179_2 10 256 811
PP_GetNumUnits 0 - 11
PP_GetUnitAt 0 6 - 1868
PP_Unit_ActionOnPosition 2179_2 10 256 811
PP_GetNumUnits 0 - 11
PP_GetUnitAt 0 10 - 2179
PP_Unit_ActionOnPosition 2179_2 10 256 811
PP_GetNumUnits 0 - 11
PP_GetUnitAt 0 7 - 2
PP_Unit_ActionOnPosition 2179_2 10 256 811
PP_GetNumUnits 0 - 11
PP_GetUnitAt 0 8 - 1054
PP_Unit_ActionOnPosition 2179_2 10 256 811
PP_GetNumUnits 0 - 11
PP_Close
