PP_Open
PP_GetNumUnits 0 - 11
PP_GetUnitAt 0 4 - 1350
PP_Unit_GetType 1350_4 - 4
PP_Unit_ActionOnUnit 5397_4 20 25304_4 0
PP_Unit_GetType 1350_4 - 4
PP_Unit_ActionOnUnit 5397_4 20 25304_4 0
PP_Unit_GetType 1350_4 - 4
PP_Unit_ActionOnUnit 5397_4 20 25304_4 0
PP_Unit_GetType 1350_4 - 4
PP_Unit_ActionOnUnit 5397_4 20 25304_4 0
PP_GetNumUnits 0 - 11
PP_GetUnitAt 0 4 - 1350
PP_Unit_GetType 1350_4 - 4
PP_Unit_ActionOnUnit 5397_4 20 25304_4 0
PP_Unit_GetType 1350_4 - 4
PP_Unit_ActionOnUnit 5397_4 20 25304_4 0
PP_Unit_GetType 1350_4 - 4
PP_Unit_ActionOnUnit 5397_4 20 25304_4 0
PP_Unit_GetType 1350_4 - 4
PP_Unit_ActionOnUnit 5397_4 20 25304_4 0
PP_GetNumUnits 0 - 11
PP_GetUnitAt 0 4 - 1350
PP_Unit_GetType 1350_4 - 4
PP_Unit_ActionOnUnit 5397_4 20 25304_4 0
PP_Unit_GetType 1350_4 - 4
PP_Unit_ActionOnUnit 5397_4 20 25304_4 0
PP_Unit_GetType 1350_4 - 4
PP_Unit_ActionOnUnit 5397_4 20 25304_4 0
PP_Unit_GetType 1350_4 - 4
PP_Unit_ActionOnUnit 5397_4 20 25304_4 0
PP_Close
