PP_Open
PP_GetNumUnits 0 - 10
PP_GetUnitAt 0 0 - 27699
PP_Unit_ActionOnPosition 27699_4 10 256 1024 0
PP_GetNumUnits 0 - 10
PP_GetUnitAt 0 1 - 7835
PP_Unit_ActionOnPosition 7835_7 10 256 1024 0
PP_GetNumUnits 0 - 10
PP_GetUnitAt 0 2 - 6396
PP_Unit_ActionOnPosition 6396_4 10 256 1024 0
PP_GetNumUnits 0 - 10
PP_GetUnitAt 0 3 - 23234
PP_Unit_ActionOnPosition 23234_4 10 256 1024 0
PP_GetNumUnits 0 - 10
PP_GetUnitAt 0 4 - 12785
PP_Unit_ActionOnPosition 12785_4 10 256 1024 0
PP_GetNumUnits 0 - 10
PP_GetUnitAt 0 5 - 31486
PP_Unit_ActionOnPosition 31486_7 10 256 1024 0
PP_GetNumUnits 0 - 10
PP_GetUnitAt 0 6 - 18431
PP_Unit_ActionOnPosition 18431_4 10 256 1024 0
PP_GetNumUnits 0 - 10
PP_GetUnitAt 0 7 - 14932
PP_Unit_ActionOnPosition 14932_7 10 256 1024 0
PP_GetNumUnits 0 - 10
PP_GetUnitAt 0 8 - 10498
PP_Unit_ActionOnPosition 10498_4 10 256 1024 0
PP_GetNumUnits 0 - 10
PP_GetUnitAt 0 9 - 11696
PP_Unit_ActionOnPosition 11696_4 10 256 1024 0
PP_GetNumUnits 0 - 10
PP_Close
