PP_Open
PP_GetNumUnits 0 - 11
PP_GetUnitAt 0 0 - 23507
PP_Unit_GetType 23507_7 - 7
PP_GetNumUnits 0 - 11
PP_GetUnitAt 0 1 - 17715
PP_Unit_GetType 17715_7 - 7
PP_GetNumUnits 0 - 11
PP_GetUnitAt 0 2 - 9280
PP_Unit_GetType 9280_4 - 4
PP_GetNumUnits 0 - 11
PP_GetUnitAt 0 3 - 589
PP_Unit_GetType 589_4 - 4
PP_GetNumUnits 0 - 11
PP_GetUnitAt 0 4 - 19728
PP_Unit_GetType 19728_4 - 4
PP_GetNumUnits 0 - 11
PP_GetUnitAt 0 5 - 12018
PP_Unit_GetType 12018_4 - 4
PP_GetNumUnits 0 - 11
PP_GetUnitAt 0 6 - 11071
PP_Unit_GetType 11071_4 - 4
PP_GetNumUnits 0 - 11
PP_GetUnitAt 0 7 - 29694
PP_Unit_GetType 29694_2 - 2
PP_Unit_ActionOnPosition 29694_2 10 256 811 0
PP_GetNumUnits 0 - 11
PP_GetUnitAt 0 8 - 8526
PP_Unit_GetType 8526_4 - 4
PP_GetNumUnits 0 - 11
PP_GetUnitAt 0 9 - 25634
PP_Unit_GetType 25634_7 - 7
PP_GetNumUnits 0 - 11
PP_GetUnitAt 0 10 - 18254
PP_Unit_GetType 18254_4 - 4
PP_GetNumUnits 0 - 11
PP_Close
