PP_Open
PP_GetNumUnits 0 - 11
PP_GetUnitAt 0 0 - 26221
PP_Unit_GetType 26221_4 - 4
PP_GetNumUnits 0 - 11
PP_GetUnitAt 0 1 - 14283
PP_Unit_GetType 14283_7 - 7
PP_GetNumUnits 0 - 11
PP_GetUnitAt 0 2 - 30895
PP_Unit_GetType 30895_4 - 4
PP_GetNumUnits 0 - 11
PP_GetUnitAt 0 3 - 27581
PP_Unit_GetType 27581_7 - 7
PP_GetNumUnits 0 - 11
PP_GetUnitAt 0 4 - 8238
PP_Unit_GetType 8238_4 - 4
PP_GetNumUnits 0 - 11
PP_GetUnitAt 0 5 - 27630
PP_Unit_GetType 27630_4 - 4
PP_GetNumUnits 0 - 11
PP_GetUnitAt 0 6 - 17624
PP_Unit_GetType 17624_7 - 7
PP_GetNumUnits 0 - 11
PP_GetUnitAt 0 7 - 13109
PP_Unit_GetType 13109_4 - 4
PP_GetNumUnits 0 - 11
PP_GetUnitAt 0 8 - 28193
PP_Unit_GetType 28193_4 - 4
PP_GetNumUnits 0 - 11
PP_GetUnitAt 0 9 - 7331
PP_Unit_GetType 7331_4 - 4
PP_GetNumUnits 0 - 11
PP_GetUnitAt 0 10 - 5924
PP_Unit_GetType 5924_2 - 2
PP_GetNumUnits 0 - 11
PP_GetNumUnits 0 - 11
PP_GetUnitAt 0 3 - 27581
PP_Unit_ActionOnUnit 5924_2 40 26221_4 1
PP_GetNumUnits 0 - 11
PP_GetUnitAt 0 1 - 14283
PP_Unit_ActionOnUnit 5924_2 40 14283_7 1
PP_GetNumUnits 0 - 11
PP_GetUnitAt 0 2 - 30895
PP_Unit_ActionOnUnit 5924_2 40 30895_4 1
PP_GetNumUnits 0 - 11
PP_GetUnitAt 0 10 - 5924
PP_Unit_ActionOnUnit 5924_2 40 27581_7 1
PP_GetNumUnits 0 - 11
PP_GetUnitAt 0 4 - 8238
PP_Unit_ActionOnUnit 5924_2 40 8238_4 1
PP_GetNumUnits 0 - 11
PP_GetUnitAt 0 5 - 27630
PP_Unit_ActionOnUnit 5924_2 40 27630_4 1
PP_GetNumUnits 0 - 11
PP_GetUnitAt 0 6 - 17624
PP_Unit_ActionOnUnit 5924_2 40 17624_7 1
PP_GetNumUnits 0 - 11
PP_GetUnitAt 0 7 - 13109
PP_Unit_ActionOnUnit 5924_2 40 13109_4 1
PP_GetNumUnits 0 - 11
PP_GetUnitAt 0 8 - 28193
PP_Unit_ActionOnUnit 5924_2 40 28193_4 1
PP_GetNumUnits 0 - 11
PP_GetUnitAt 0 9 - 7331
PP_Unit_ActionOnUnit 5924_2 40 7331_4 1
PP_GetNumUnits 0 - 11
PP_GetUnitAt 0 0 - 26221
PP_Unit_ActionOnUnit 5924_2 40 7331_4 1
PP_GetNumUnits 0 - 11
PP_Close
